# Logfile created on Sat Apr 23 11:41:22 -0400 2011  [4;36;1mSQL (0.4ms)[0m   [0;1mSET SQL_AUTO_IS_NULL=0[0m


Processing LinksController#index (for 127.0.0.1 at 2011-04-23 11:45:30) [GET]
  [4;35;1mLink Load (446.2ms)[0m   [0mselect * from groups g, links l where g.id = l.group_id order by g.group_name, l.position[0m
Rendering template within layouts/application
Rendering links/index
Rendered links/_links (11.2ms)
Rendered links/_search (7.2ms)
  [4;36;1mLink Columns (192.2ms)[0m   [0;1mSHOW FIELDS FROM `links`[0m
  [4;35;1mGroup Columns (0.6ms)[0m   [0mSHOW FIELDS FROM `groups`[0m
  [4;36;1mGroup Load (0.4ms)[0m   [0;1mSELECT * FROM `groups` WHERE (`groups`.`id` = 5) ORDER BY group_name[0m
  [4;35;1mCACHE (0.0ms)[0m   [0mSELECT * FROM `groups` WHERE (`groups`.`id` = 5) ORDER BY group_name[0m
  [4;36;1mCACHE (0.0ms)[0m   [0;1mSELECT * FROM `groups` WHERE (`groups`.`id` = 5) ORDER BY group_name[0m
  [4;35;1mGroup Load (0.9ms)[0m   [0mSELECT * FROM `groups` WHERE (`groups`.`id` = 6) ORDER BY group_name[0m
  [4;36;1mGroup Load (0.3ms)[0m   [0;1mSELECT * FROM `groups` WHERE (`groups`.`id` = 3) ORDER BY group_name[0m
  [4;35;1mCACHE (0.0ms)[0m   [0mSELECT * FROM `groups` WHERE (`groups`.`id` = 3) ORDER BY group_name[0m
  [4;36;1mCACHE (0.0ms)[0m   [0;1mSELECT * FROM `groups` WHERE (`groups`.`id` = 3) ORDER BY group_name[0m
  [4;35;1mCACHE (0.0ms)[0m   [0mSELECT * FROM `groups` WHERE (`groups`.`id` = 3) ORDER BY group_name[0m
  [4;36;1mCACHE (0.0ms)[0m   [0;1mSELECT * FROM `groups` WHERE (`groups`.`id` = 3) ORDER BY group_name[0m
  [4;35;1mGroup Load (0.6ms)[0m   [0mSELECT * FROM `groups` WHERE (`groups`.`id` = 2) ORDER BY group_name[0m
  [4;36;1mCACHE (0.0ms)[0m   [0;1mSELECT * FROM `groups` WHERE (`groups`.`id` = 2) ORDER BY group_name[0m
  [4;35;1mCACHE (0.0ms)[0m   [0mSELECT * FROM `groups` WHERE (`groups`.`id` = 2) ORDER BY group_name[0m
  [4;36;1mCACHE (0.0ms)[0m   [0;1mSELECT * FROM `groups` WHERE (`groups`.`id` = 2) ORDER BY group_name[0m
Rendered links/_links (0.5ms)
Completed in 1403ms (View: 547, DB: 642) | 200 OK [http://localhost/]
  [4;35;1mSQL (0.2ms)[0m   [0mSET SQL_AUTO_IS_NULL=0[0m


Processing ApplicationController#index (for 127.0.0.1 at 2011-04-23 11:45:33) [GET]

ActionController::RoutingError (No route matches "/linker/images/link.ico" with {:method=>:get}):
  /home/durrantm/.rvm/rubies/ruby-1.8.7-p302/lib/ruby/1.8/webrick/httpserver.rb:104:in `service'
  /home/durrantm/.rvm/rubies/ruby-1.8.7-p302/lib/ruby/1.8/webrick/httpserver.rb:65:in `run'
  /home/durrantm/.rvm/rubies/ruby-1.8.7-p302/lib/ruby/1.8/webrick/server.rb:173:in `start_thread'
  /home/durrantm/.rvm/rubies/ruby-1.8.7-p302/lib/ruby/1.8/webrick/server.rb:162:in `start'
  /home/durrantm/.rvm/rubies/ruby-1.8.7-p302/lib/ruby/1.8/webrick/server.rb:162:in `start_thread'
  /home/durrantm/.rvm/rubies/ruby-1.8.7-p302/lib/ruby/1.8/webrick/server.rb:95:in `start'
  /home/durrantm/.rvm/rubies/ruby-1.8.7-p302/lib/ruby/1.8/webrick/server.rb:92:in `each'
  /home/durrantm/.rvm/rubies/ruby-1.8.7-p302/lib/ruby/1.8/webrick/server.rb:92:in `start'
  /home/durrantm/.rvm/rubies/ruby-1.8.7-p302/lib/ruby/1.8/webrick/server.rb:23:in `start'
  /home/durrantm/.rvm/rubies/ruby-1.8.7-p302/lib/ruby/1.8/webrick/server.rb:82:in `start'

Rendering rescues/layout (not_found)
  [4;36;1mSQL (0.3ms)[0m   [0;1mSET SQL_AUTO_IS_NULL=0[0m


Processing LadminController#login (for 127.0.0.1 at 2011-04-23 11:45:36) [GET]
Rendering template within layouts/application
Rendering ladmin/login
Completed in 182ms (View: 180, DB: 0) | 200 OK [http://localhost/ladmin/login]
  [4;35;1mSQL (0.3ms)[0m   [0mSET SQL_AUTO_IS_NULL=0[0m


Processing ApplicationController#index (for 127.0.0.1 at 2011-04-23 11:45:37) [GET]

ActionController::RoutingError (No route matches "/stylesheets/contam/img/stripes.gif;" with {:method=>:get}):
  /home/durrantm/.rvm/rubies/ruby-1.8.7-p302/lib/ruby/1.8/webrick/httpserver.rb:104:in `service'
  /home/durrantm/.rvm/rubies/ruby-1.8.7-p302/lib/ruby/1.8/webrick/httpserver.rb:65:in `run'
  /home/durrantm/.rvm/rubies/ruby-1.8.7-p302/lib/ruby/1.8/webrick/server.rb:173:in `start_thread'
  /home/durrantm/.rvm/rubies/ruby-1.8.7-p302/lib/ruby/1.8/webrick/server.rb:162:in `start'
  /home/durrantm/.rvm/rubies/ruby-1.8.7-p302/lib/ruby/1.8/webrick/server.rb:162:in `start_thread'
  /home/durrantm/.rvm/rubies/ruby-1.8.7-p302/lib/ruby/1.8/webrick/server.rb:95:in `start'
  /home/durrantm/.rvm/rubies/ruby-1.8.7-p302/lib/ruby/1.8/webrick/server.rb:92:in `each'
  /home/durrantm/.rvm/rubies/ruby-1.8.7-p302/lib/ruby/1.8/webrick/server.rb:92:in `start'
  /home/durrantm/.rvm/rubies/ruby-1.8.7-p302/lib/ruby/1.8/webrick/server.rb:23:in `start'
  /home/durrantm/.rvm/rubies/ruby-1.8.7-p302/lib/ruby/1.8/webrick/server.rb:82:in `start'

Rendering rescues/layout (not_found)
  [4;36;1mSQL (0.1ms)[0m   [0;1mSET SQL_AUTO_IS_NULL=0[0m


Processing LadminController#login (for 127.0.0.1 at 2011-04-23 11:45:41) [POST]
  Parameters: {"commit"=>"Login", "authenticity_token"=>"HWUzo5pidRBrKQXc3glsnyEHLDFC1VqK3A6UxO9AwnQ=", "username"=>"durrantm", "password"=>"utahutah"}
  [4;35;1mUser Columns (78.6ms)[0m   [0mSHOW FIELDS FROM `users`[0m
  [4;36;1mUser Load (22.3ms)[0m   [0;1mSELECT * FROM `users` WHERE (`users`.`username` = 'durrantm') LIMIT 1[0m
Redirected to http://localhost:3001/links
Completed in 175ms (DB: 101) | 302 Found [http://localhost/ladmin/login]
  [4;35;1mSQL (0.1ms)[0m   [0mSET SQL_AUTO_IS_NULL=0[0m


Processing LinksController#index (for 127.0.0.1 at 2011-04-23 11:45:42) [GET]
  [4;36;1mLink Load (0.1ms)[0m   [0;1mselect * from groups g, links l where g.id = l.group_id order by g.group_name, l.position[0m
Rendering template within layouts/application
Rendering links/index
Rendered links/_links (0.4ms)
Rendered links/_search (0.6ms)
  [4;35;1mLink Columns (28.0ms)[0m   [0mSHOW FIELDS FROM `links`[0m
  [4;36;1mGroup Columns (1.2ms)[0m   [0;1mSHOW FIELDS FROM `groups`[0m
  [4;35;1mGroup Load (0.2ms)[0m   [0mSELECT * FROM `groups` WHERE (`groups`.`id` = 5) ORDER BY group_name[0m
  [4;36;1mCACHE (0.0ms)[0m   [0;1mSELECT * FROM `groups` WHERE (`groups`.`id` = 5) ORDER BY group_name[0m
  [4;35;1mCACHE (0.0ms)[0m   [0mSELECT * FROM `groups` WHERE (`groups`.`id` = 5) ORDER BY group_name[0m
  [4;36;1mGroup Load (0.3ms)[0m   [0;1mSELECT * FROM `groups` WHERE (`groups`.`id` = 6) ORDER BY group_name[0m
  [4;35;1mGroup Load (0.1ms)[0m   [0mSELECT * FROM `groups` WHERE (`groups`.`id` = 3) ORDER BY group_name[0m
  [4;36;1mCACHE (0.0ms)[0m   [0;1mSELECT * FROM `groups` WHERE (`groups`.`id` = 3) ORDER BY group_name[0m
  [4;35;1mCACHE (0.0ms)[0m   [0mSELECT * FROM `groups` WHERE (`groups`.`id` = 3) ORDER BY group_name[0m
  [4;36;1mCACHE (0.0ms)[0m   [0;1mSELECT * FROM `groups` WHERE (`groups`.`id` = 3) ORDER BY group_name[0m
  [4;35;1mCACHE (0.0ms)[0m   [0mSELECT * FROM `groups` WHERE (`groups`.`id` = 3) ORDER BY group_name[0m
  [4;36;1mGroup Load (0.2ms)[0m   [0;1mSELECT * FROM `groups` WHERE (`groups`.`id` = 2) ORDER BY group_name[0m
  [4;35;1mCACHE (0.0ms)[0m   [0mSELECT * FROM `groups` WHERE (`groups`.`id` = 2) ORDER BY group_name[0m
  [4;36;1mCACHE (0.0ms)[0m   [0;1mSELECT * FROM `groups` WHERE (`groups`.`id` = 2) ORDER BY group_name[0m
  [4;35;1mCACHE (0.0ms)[0m   [0mSELECT * FROM `groups` WHERE (`groups`.`id` = 2) ORDER BY group_name[0m
Rendered links/_links (0.3ms)
Completed in 78ms (View: 42, DB: 30) | 200 OK [http://localhost/links]
  [4;36;1mSQL (0.2ms)[0m   [0;1mSET SQL_AUTO_IS_NULL=0[0m


Processing UsersController#index (for 127.0.0.1 at 2011-04-23 11:45:50) [GET]
  [4;35;1mUser Columns (0.5ms)[0m   [0mSHOW FIELDS FROM `users`[0m
  [4;36;1mUser Load (0.2ms)[0m   [0;1mSELECT * FROM `users` WHERE (`users`.`id` = 2) LIMIT 1[0m
  [4;35;1mCACHE (0.0ms)[0m   [0mSELECT * FROM `users` WHERE (`users`.`id` = 2) LIMIT 1[0m
  [4;36;1mUser Load (53.3ms)[0m   [0;1mSELECT * FROM `users` ORDER BY username[0m
Rendering template within layouts/application
Rendering users/index
Completed in 145ms (View: 80, DB: 54) | 200 OK [http://localhost/users]
  [4;35;1mSQL (0.1ms)[0m   [0mSET SQL_AUTO_IS_NULL=0[0m


Processing ApplicationController#index (for 127.0.0.1 at 2011-04-23 11:45:50) [GET]

ActionController::RoutingError (No route matches "/stylesheets/contam/img/stripes.gif;" with {:method=>:get}):
  /home/durrantm/.rvm/rubies/ruby-1.8.7-p302/lib/ruby/1.8/webrick/httpserver.rb:104:in `service'
  /home/durrantm/.rvm/rubies/ruby-1.8.7-p302/lib/ruby/1.8/webrick/httpserver.rb:65:in `run'
  /home/durrantm/.rvm/rubies/ruby-1.8.7-p302/lib/ruby/1.8/webrick/server.rb:173:in `start_thread'
  /home/durrantm/.rvm/rubies/ruby-1.8.7-p302/lib/ruby/1.8/webrick/server.rb:162:in `start'
  /home/durrantm/.rvm/rubies/ruby-1.8.7-p302/lib/ruby/1.8/webrick/server.rb:162:in `start_thread'
  /home/durrantm/.rvm/rubies/ruby-1.8.7-p302/lib/ruby/1.8/webrick/server.rb:95:in `start'
  /home/durrantm/.rvm/rubies/ruby-1.8.7-p302/lib/ruby/1.8/webrick/server.rb:92:in `each'
  /home/durrantm/.rvm/rubies/ruby-1.8.7-p302/lib/ruby/1.8/webrick/server.rb:92:in `start'
  /home/durrantm/.rvm/rubies/ruby-1.8.7-p302/lib/ruby/1.8/webrick/server.rb:23:in `start'
  /home/durrantm/.rvm/rubies/ruby-1.8.7-p302/lib/ruby/1.8/webrick/server.rb:82:in `start'

Rendering rescues/layout (not_found)
  [4;36;1mSQL (0.2ms)[0m   [0;1mSET SQL_AUTO_IS_NULL=0[0m
  [4;35;1mUser Columns (0.8ms)[0m   [0mSHOW FIELDS FROM `users`[0m
  [4;36;1mSQL (0.2ms)[0m   [0;1mBEGIN[0m
  [4;35;1mUser Load (55.3ms)[0m   [0mSELECT `users`.id FROM `users` WHERE (`users`.`username` = BINARY 'durrantm3') LIMIT 1[0m
  [4;36;1mUser Create (68.9ms)[0m   [0;1mINSERT INTO `users` (`salt`, `created_at`, `updated_at`, `username`, `pwd_hashed`) VALUES('-6155973380.149775265003874', '2011-04-23 15:49:45', '2011-04-23 15:49:45', 'durrantm3', 'cd6829c8c390e2f0f386d599769d698ea1636af0')[0m
  [4;35;1mSQL (105.1ms)[0m   [0mCOMMIT[0m
  [4;36;1mSQL (0.1ms)[0m   [0;1mSET SQL_AUTO_IS_NULL=0[0m


Processing LinksController#index (for 127.0.0.1 at 2011-04-23 20:31:03) [GET]
  [4;35;1mLink Load (0.3ms)[0m   [0mselect * from groups g, links l where g.id = l.group_id order by g.group_name, l.position[0m
Rendering template within layouts/application
Rendering links/index
Rendered links/_links (2.6ms)
Rendered links/_search (2.1ms)
  [4;36;1mLink Columns (1.3ms)[0m   [0;1mSHOW FIELDS FROM `links`[0m
  [4;35;1mGroup Columns (0.6ms)[0m   [0mSHOW FIELDS FROM `groups`[0m
  [4;36;1mGroup Load (0.1ms)[0m   [0;1mSELECT * FROM `groups` WHERE (`groups`.`id` = 5) ORDER BY group_name[0m
  [4;35;1mCACHE (0.0ms)[0m   [0mSELECT * FROM `groups` WHERE (`groups`.`id` = 5) ORDER BY group_name[0m
  [4;36;1mCACHE (0.0ms)[0m   [0;1mSELECT * FROM `groups` WHERE (`groups`.`id` = 5) ORDER BY group_name[0m
  [4;35;1mGroup Load (0.1ms)[0m   [0mSELECT * FROM `groups` WHERE (`groups`.`id` = 6) ORDER BY group_name[0m
  [4;36;1mGroup Load (0.1ms)[0m   [0;1mSELECT * FROM `groups` WHERE (`groups`.`id` = 3) ORDER BY group_name[0m
  [4;35;1mCACHE (0.0ms)[0m   [0mSELECT * FROM `groups` WHERE (`groups`.`id` = 3) ORDER BY group_name[0m
  [4;36;1mCACHE (0.0ms)[0m   [0;1mSELECT * FROM `groups` WHERE (`groups`.`id` = 3) ORDER BY group_name[0m
  [4;35;1mCACHE (0.0ms)[0m   [0mSELECT * FROM `groups` WHERE (`groups`.`id` = 3) ORDER BY group_name[0m
  [4;36;1mCACHE (0.0ms)[0m   [0;1mSELECT * FROM `groups` WHERE (`groups`.`id` = 3) ORDER BY group_name[0m
  [4;35;1mGroup Load (0.1ms)[0m   [0mSELECT * FROM `groups` WHERE (`groups`.`id` = 2) ORDER BY group_name[0m
  [4;36;1mCACHE (0.0ms)[0m   [0;1mSELECT * FROM `groups` WHERE (`groups`.`id` = 2) ORDER BY group_name[0m
  [4;35;1mCACHE (0.0ms)[0m   [0mSELECT * FROM `groups` WHERE (`groups`.`id` = 2) ORDER BY group_name[0m
  [4;36;1mCACHE (0.0ms)[0m   [0;1mSELECT * FROM `groups` WHERE (`groups`.`id` = 2) ORDER BY group_name[0m
Rendered links/_links (0.4ms)
Completed in 159ms (View: 144, DB: 3) | 200 OK [http://localhost/]
  [4;35;1mSQL (0.1ms)[0m   [0mSET SQL_AUTO_IS_NULL=0[0m


Processing ApplicationController#index (for 127.0.0.1 at 2011-04-23 20:31:03) [GET]

ActionController::RoutingError (No route matches "/linker/images/link.ico" with {:method=>:get}):
  /home/durrantm/.rvm/rubies/ruby-1.8.7-p302/lib/ruby/1.8/webrick/httpserver.rb:104:in `service'
  /home/durrantm/.rvm/rubies/ruby-1.8.7-p302/lib/ruby/1.8/webrick/httpserver.rb:65:in `run'
  /home/durrantm/.rvm/rubies/ruby-1.8.7-p302/lib/ruby/1.8/webrick/server.rb:173:in `start_thread'
  /home/durrantm/.rvm/rubies/ruby-1.8.7-p302/lib/ruby/1.8/webrick/server.rb:162:in `start'
  /home/durrantm/.rvm/rubies/ruby-1.8.7-p302/lib/ruby/1.8/webrick/server.rb:162:in `start_thread'
  /home/durrantm/.rvm/rubies/ruby-1.8.7-p302/lib/ruby/1.8/webrick/server.rb:95:in `start'
  /home/durrantm/.rvm/rubies/ruby-1.8.7-p302/lib/ruby/1.8/webrick/server.rb:92:in `each'
  /home/durrantm/.rvm/rubies/ruby-1.8.7-p302/lib/ruby/1.8/webrick/server.rb:92:in `start'
  /home/durrantm/.rvm/rubies/ruby-1.8.7-p302/lib/ruby/1.8/webrick/server.rb:23:in `start'
  /home/durrantm/.rvm/rubies/ruby-1.8.7-p302/lib/ruby/1.8/webrick/server.rb:82:in `start'
  -e:1:in `load'
  -e:1

Rendering rescues/layout (not_found)
  [4;36;1mSQL (0.3ms)[0m   [0;1mSET SQL_AUTO_IS_NULL=0[0m


Processing LinksController#index (for 127.0.0.1 at 2011-04-23 20:31:05) [GET]
  Parameters: {"row_shading"=>"true"}
  [4;35;1mLink Load (0.1ms)[0m   [0mselect * from groups g, links l where g.id = l.group_id order by g.group_name, l.position[0m
Rendering template within layouts/application
Rendering links/index
Rendered links/_links (0.4ms)
Rendered links/_search (0.8ms)
  [4;36;1mLink Columns (0.7ms)[0m   [0;1mSHOW FIELDS FROM `links`[0m
  [4;35;1mGroup Columns (0.5ms)[0m   [0mSHOW FIELDS FROM `groups`[0m
  [4;36;1mGroup Load (0.1ms)[0m   [0;1mSELECT * FROM `groups` WHERE (`groups`.`id` = 5) ORDER BY group_name[0m
  [4;35;1mCACHE (0.0ms)[0m   [0mSELECT * FROM `groups` WHERE (`groups`.`id` = 5) ORDER BY group_name[0m
  [4;36;1mCACHE (0.0ms)[0m   [0;1mSELECT * FROM `groups` WHERE (`groups`.`id` = 5) ORDER BY group_name[0m
  [4;35;1mGroup Load (0.1ms)[0m   [0mSELECT * FROM `groups` WHERE (`groups`.`id` = 6) ORDER BY group_name[0m
  [4;36;1mGroup Load (0.1ms)[0m   [0;1mSELECT * FROM `groups` WHERE (`groups`.`id` = 3) ORDER BY group_name[0m
  [4;35;1mCACHE (0.0ms)[0m   [0mSELECT * FROM `groups` WHERE (`groups`.`id` = 3) ORDER BY group_name[0m
  [4;36;1mCACHE (0.0ms)[0m   [0;1mSELECT * FROM `groups` WHERE (`groups`.`id` = 3) ORDER BY group_name[0m
  [4;35;1mCACHE (0.0ms)[0m   [0mSELECT * FROM `groups` WHERE (`groups`.`id` = 3) ORDER BY group_name[0m
  [4;36;1mCACHE (0.0ms)[0m   [0;1mSELECT * FROM `groups` WHERE (`groups`.`id` = 3) ORDER BY group_name[0m
  [4;35;1mGroup Load (0.1ms)[0m   [0mSELECT * FROM `groups` WHERE (`groups`.`id` = 2) ORDER BY group_name[0m
  [4;36;1mCACHE (0.0ms)[0m   [0;1mSELECT * FROM `groups` WHERE (`groups`.`id` = 2) ORDER BY group_name[0m
  [4;35;1mCACHE (0.0ms)[0m   [0mSELECT * FROM `groups` WHERE (`groups`.`id` = 2) ORDER BY group_name[0m
  [4;36;1mCACHE (0.0ms)[0m   [0;1mSELECT * FROM `groups` WHERE (`groups`.`id` = 2) ORDER BY group_name[0m
Rendered links/_links (0.4ms)
Completed in 91ms (View: 26, DB: 2) | 200 OK [http://localhost/links?row_shading=true]
  [4;35;1mSQL (0.2ms)[0m   [0mSET SQL_AUTO_IS_NULL=0[0m


Processing LinksController#index (for 127.0.0.1 at 2011-04-23 20:31:06) [GET]
  Parameters: {"row_shading"=>"false"}
  [4;36;1mLink Load (0.1ms)[0m   [0;1mselect * from groups g, links l where g.id = l.group_id order by g.group_name, l.position[0m
Rendering template within layouts/application
Rendering links/index
Rendered links/_links (0.4ms)
Rendered links/_search (0.6ms)
  [4;35;1mLink Columns (0.6ms)[0m   [0mSHOW FIELDS FROM `links`[0m
  [4;36;1mGroup Columns (0.5ms)[0m   [0;1mSHOW FIELDS FROM `groups`[0m
  [4;35;1mGroup Load (0.1ms)[0m   [0mSELECT * FROM `groups` WHERE (`groups`.`id` = 5) ORDER BY group_name[0m
  [4;36;1mCACHE (0.0ms)[0m   [0;1mSELECT * FROM `groups` WHERE (`groups`.`id` = 5) ORDER BY group_name[0m
  [4;35;1mCACHE (0.0ms)[0m   [0mSELECT * FROM `groups` WHERE (`groups`.`id` = 5) ORDER BY group_name[0m
  [4;36;1mGroup Load (0.1ms)[0m   [0;1mSELECT * FROM `groups` WHERE (`groups`.`id` = 6) ORDER BY group_name[0m
  [4;35;1mGroup Load (0.1ms)[0m   [0mSELECT * FROM `groups` WHERE (`groups`.`id` = 3) ORDER BY group_name[0m
  [4;36;1mCACHE (0.0ms)[0m   [0;1mSELECT * FROM `groups` WHERE (`groups`.`id` = 3) ORDER BY group_name[0m
  [4;35;1mCACHE (0.0ms)[0m   [0mSELECT * FROM `groups` WHERE (`groups`.`id` = 3) ORDER BY group_name[0m
  [4;36;1mCACHE (0.0ms)[0m   [0;1mSELECT * FROM `groups` WHERE (`groups`.`id` = 3) ORDER BY group_name[0m
  [4;35;1mCACHE (0.0ms)[0m   [0mSELECT * FROM `groups` WHERE (`groups`.`id` = 3) ORDER BY group_name[0m
  [4;36;1mGroup Load (0.1ms)[0m   [0;1mSELECT * FROM `groups` WHERE (`groups`.`id` = 2) ORDER BY group_name[0m
  [4;35;1mCACHE (0.0ms)[0m   [0mSELECT * FROM `groups` WHERE (`groups`.`id` = 2) ORDER BY group_name[0m
  [4;36;1mCACHE (0.0ms)[0m   [0;1mSELECT * FROM `groups` WHERE (`groups`.`id` = 2) ORDER BY group_name[0m
  [4;35;1mCACHE (0.0ms)[0m   [0mSELECT * FROM `groups` WHERE (`groups`.`id` = 2) ORDER BY group_name[0m
Rendered links/_links (0.4ms)
Completed in 32ms (View: 25, DB: 2) | 200 OK [http://localhost/links?row_shading=false]
  [4;36;1mSQL (0.2ms)[0m   [0;1mSET SQL_AUTO_IS_NULL=0[0m


Processing LinksController#new (for 127.0.0.1 at 2011-04-23 20:31:08) [GET]
  [4;35;1mUser Columns (0.5ms)[0m   [0mSHOW FIELDS FROM `users`[0m
  [4;36;1mUser Load (0.2ms)[0m   [0;1mSELECT * FROM `users` WHERE (`users`.`id` IS NULL) LIMIT 1[0m
Redirected to http://localhost:3000/ladmin/login
Filter chain halted as [:authorize] rendered_or_redirected.
Completed in 5ms (DB: 1) | 302 Found [http://localhost/links/new]
  [4;35;1mSQL (0.1ms)[0m   [0mSET SQL_AUTO_IS_NULL=0[0m


Processing LadminController#login (for 127.0.0.1 at 2011-04-23 20:31:08) [GET]
Rendering template within layouts/application
Rendering ladmin/login
Completed in 13ms (View: 11, DB: 0) | 200 OK [http://localhost/ladmin/login]
  [4;36;1mSQL (0.1ms)[0m   [0;1mSET SQL_AUTO_IS_NULL=0[0m


Processing ApplicationController#index (for 127.0.0.1 at 2011-04-23 20:31:08) [GET]

ActionController::RoutingError (No route matches "/stylesheets/contam/img/stripes.gif;" with {:method=>:get}):
  /home/durrantm/.rvm/rubies/ruby-1.8.7-p302/lib/ruby/1.8/webrick/httpserver.rb:104:in `service'
  /home/durrantm/.rvm/rubies/ruby-1.8.7-p302/lib/ruby/1.8/webrick/httpserver.rb:65:in `run'
  /home/durrantm/.rvm/rubies/ruby-1.8.7-p302/lib/ruby/1.8/webrick/server.rb:173:in `start_thread'
  /home/durrantm/.rvm/rubies/ruby-1.8.7-p302/lib/ruby/1.8/webrick/server.rb:162:in `start'
  /home/durrantm/.rvm/rubies/ruby-1.8.7-p302/lib/ruby/1.8/webrick/server.rb:162:in `start_thread'
  /home/durrantm/.rvm/rubies/ruby-1.8.7-p302/lib/ruby/1.8/webrick/server.rb:95:in `start'
  /home/durrantm/.rvm/rubies/ruby-1.8.7-p302/lib/ruby/1.8/webrick/server.rb:92:in `each'
  /home/durrantm/.rvm/rubies/ruby-1.8.7-p302/lib/ruby/1.8/webrick/server.rb:92:in `start'
  /home/durrantm/.rvm/rubies/ruby-1.8.7-p302/lib/ruby/1.8/webrick/server.rb:23:in `start'
  /home/durrantm/.rvm/rubies/ruby-1.8.7-p302/lib/ruby/1.8/webrick/server.rb:82:in `start'
  -e:1:in `load'
  -e:1

Rendering rescues/layout (not_found)
  [4;35;1mSQL (0.1ms)[0m   [0mSET SQL_AUTO_IS_NULL=0[0m


Processing LinksController#index (for 127.0.0.1 at 2011-04-23 20:31:11) [GET]
  Parameters: {"full_details"=>"true"}
  [4;36;1mLink Load (0.1ms)[0m   [0;1mselect * from groups g, links l where g.id = l.group_id order by g.group_name, l.position[0m
Rendering template within layouts/application
Rendering links/index
Rendered links/_links (0.5ms)
Rendered links/_search (0.8ms)
  [4;35;1mLink Columns (0.6ms)[0m   [0mSHOW FIELDS FROM `links`[0m
  [4;36;1mGroup Columns (0.5ms)[0m   [0;1mSHOW FIELDS FROM `groups`[0m
  [4;35;1mGroup Load (0.1ms)[0m   [0mSELECT * FROM `groups` WHERE (`groups`.`id` = 5) ORDER BY group_name[0m
  [4;36;1mCACHE (0.0ms)[0m   [0;1mSELECT * FROM `groups` WHERE (`groups`.`id` = 5) ORDER BY group_name[0m
  [4;35;1mCACHE (0.0ms)[0m   [0mSELECT * FROM `groups` WHERE (`groups`.`id` = 5) ORDER BY group_name[0m
  [4;36;1mGroup Load (0.1ms)[0m   [0;1mSELECT * FROM `groups` WHERE (`groups`.`id` = 6) ORDER BY group_name[0m
  [4;35;1mGroup Load (0.1ms)[0m   [0mSELECT * FROM `groups` WHERE (`groups`.`id` = 3) ORDER BY group_name[0m
  [4;36;1mCACHE (0.0ms)[0m   [0;1mSELECT * FROM `groups` WHERE (`groups`.`id` = 3) ORDER BY group_name[0m
  [4;35;1mCACHE (0.0ms)[0m   [0mSELECT * FROM `groups` WHERE (`groups`.`id` = 3) ORDER BY group_name[0m
  [4;36;1mCACHE (0.0ms)[0m   [0;1mSELECT * FROM `groups` WHERE (`groups`.`id` = 3) ORDER BY group_name[0m
  [4;35;1mCACHE (0.0ms)[0m   [0mSELECT * FROM `groups` WHERE (`groups`.`id` = 3) ORDER BY group_name[0m
  [4;36;1mGroup Load (0.1ms)[0m   [0;1mSELECT * FROM `groups` WHERE (`groups`.`id` = 2) ORDER BY group_name[0m
  [4;35;1mCACHE (0.0ms)[0m   [0mSELECT * FROM `groups` WHERE (`groups`.`id` = 2) ORDER BY group_name[0m
  [4;36;1mCACHE (0.0ms)[0m   [0;1mSELECT * FROM `groups` WHERE (`groups`.`id` = 2) ORDER BY group_name[0m
  [4;35;1mCACHE (0.0ms)[0m   [0mSELECT * FROM `groups` WHERE (`groups`.`id` = 2) ORDER BY group_name[0m
Rendered links/_links (0.3ms)
Completed in 97ms (View: 34, DB: 2) | 200 OK [http://localhost/links?full_details=true]
  [4;36;1mSQL (0.1ms)[0m   [0;1mSET SQL_AUTO_IS_NULL=0[0m


Processing LinksController#index (for 127.0.0.1 at 2011-04-23 20:31:12) [GET]
  Parameters: {"full_details"=>"false"}
  [4;35;1mLink Load (0.1ms)[0m   [0mselect * from groups g, links l where g.id = l.group_id order by g.group_name, l.position[0m
Rendering template within layouts/application
Rendering links/index
Rendered links/_links (0.4ms)
Rendered links/_search (0.6ms)
  [4;36;1mLink Columns (0.7ms)[0m   [0;1mSHOW FIELDS FROM `links`[0m
  [4;35;1mGroup Columns (0.5ms)[0m   [0mSHOW FIELDS FROM `groups`[0m
  [4;36;1mGroup Load (0.0ms)[0m   [0;1mSELECT * FROM `groups` WHERE (`groups`.`id` = 5) ORDER BY group_name[0m
  [4;35;1mCACHE (0.0ms)[0m   [0mSELECT * FROM `groups` WHERE (`groups`.`id` = 5) ORDER BY group_name[0m
  [4;36;1mCACHE (0.0ms)[0m   [0;1mSELECT * FROM `groups` WHERE (`groups`.`id` = 5) ORDER BY group_name[0m
  [4;35;1mGroup Load (0.1ms)[0m   [0mSELECT * FROM `groups` WHERE (`groups`.`id` = 6) ORDER BY group_name[0m
  [4;36;1mGroup Load (0.1ms)[0m   [0;1mSELECT * FROM `groups` WHERE (`groups`.`id` = 3) ORDER BY group_name[0m
  [4;35;1mCACHE (0.0ms)[0m   [0mSELECT * FROM `groups` WHERE (`groups`.`id` = 3) ORDER BY group_name[0m
  [4;36;1mCACHE (0.0ms)[0m   [0;1mSELECT * FROM `groups` WHERE (`groups`.`id` = 3) ORDER BY group_name[0m
  [4;35;1mCACHE (0.0ms)[0m   [0mSELECT * FROM `groups` WHERE (`groups`.`id` = 3) ORDER BY group_name[0m
  [4;36;1mCACHE (0.0ms)[0m   [0;1mSELECT * FROM `groups` WHERE (`groups`.`id` = 3) ORDER BY group_name[0m
  [4;35;1mGroup Load (0.1ms)[0m   [0mSELECT * FROM `groups` WHERE (`groups`.`id` = 2) ORDER BY group_name[0m
  [4;36;1mCACHE (0.0ms)[0m   [0;1mSELECT * FROM `groups` WHERE (`groups`.`id` = 2) ORDER BY group_name[0m
  [4;35;1mCACHE (0.0ms)[0m   [0mSELECT * FROM `groups` WHERE (`groups`.`id` = 2) ORDER BY group_name[0m
  [4;36;1mCACHE (0.0ms)[0m   [0;1mSELECT * FROM `groups` WHERE (`groups`.`id` = 2) ORDER BY group_name[0m
Rendered links/_links (0.3ms)
Completed in 34ms (View: 27, DB: 2) | 200 OK [http://localhost/links?full_details=false]
  [4;35;1mSQL (0.2ms)[0m   [0mSET SQL_AUTO_IS_NULL=0[0m


Processing LinksController#index (for 127.0.0.1 at 2011-04-23 20:34:49) [GET]
  Parameters: {"full_details"=>"false"}
  [4;36;1mLink Load (1.0ms)[0m   [0;1mselect * from groups g, links l where g.id = l.group_id order by g.group_name, l.position[0m
Rendering template within layouts/application
Rendering links/index
Rendered links/_links (2.1ms)
Rendered links/_search (0.6ms)
  [4;35;1mLink Columns (1.5ms)[0m   [0mSHOW FIELDS FROM `links`[0m
  [4;36;1mGroup Columns (0.6ms)[0m   [0;1mSHOW FIELDS FROM `groups`[0m
  [4;35;1mGroup Load (0.1ms)[0m   [0mSELECT * FROM `groups` WHERE (`groups`.`id` = 5) ORDER BY group_name[0m
  [4;36;1mCACHE (0.0ms)[0m   [0;1mSELECT * FROM `groups` WHERE (`groups`.`id` = 5) ORDER BY group_name[0m
  [4;35;1mCACHE (0.0ms)[0m   [0mSELECT * FROM `groups` WHERE (`groups`.`id` = 5) ORDER BY group_name[0m
  [4;36;1mGroup Load (0.1ms)[0m   [0;1mSELECT * FROM `groups` WHERE (`groups`.`id` = 6) ORDER BY group_name[0m
  [4;35;1mGroup Load (0.1ms)[0m   [0mSELECT * FROM `groups` WHERE (`groups`.`id` = 3) ORDER BY group_name[0m
  [4;36;1mCACHE (0.0ms)[0m   [0;1mSELECT * FROM `groups` WHERE (`groups`.`id` = 3) ORDER BY group_name[0m
  [4;35;1mCACHE (0.0ms)[0m   [0mSELECT * FROM `groups` WHERE (`groups`.`id` = 3) ORDER BY group_name[0m
  [4;36;1mCACHE (0.0ms)[0m   [0;1mSELECT * FROM `groups` WHERE (`groups`.`id` = 3) ORDER BY group_name[0m
  [4;35;1mCACHE (0.0ms)[0m   [0mSELECT * FROM `groups` WHERE (`groups`.`id` = 3) ORDER BY group_name[0m
  [4;36;1mGroup Load (0.1ms)[0m   [0;1mSELECT * FROM `groups` WHERE (`groups`.`id` = 2) ORDER BY group_name[0m
  [4;35;1mCACHE (0.0ms)[0m   [0mSELECT * FROM `groups` WHERE (`groups`.`id` = 2) ORDER BY group_name[0m
  [4;36;1mCACHE (0.0ms)[0m   [0;1mSELECT * FROM `groups` WHERE (`groups`.`id` = 2) ORDER BY group_name[0m
  [4;35;1mCACHE (0.0ms)[0m   [0mSELECT * FROM `groups` WHERE (`groups`.`id` = 2) ORDER BY group_name[0m
Rendered links/_links (0.3ms)
Completed in 31ms (View: 23, DB: 4) | 200 OK [http://localhost/links?full_details=false]
  [4;36;1mSQL (0.1ms)[0m   [0;1mSET SQL_AUTO_IS_NULL=0[0m


Processing ApplicationController#index (for 127.0.0.1 at 2011-04-23 20:34:51) [GET]

ActionController::RoutingError (No route matches "/linker/images/link.ico" with {:method=>:get}):
  /home/durrantm/.rvm/rubies/ruby-1.8.7-p302/lib/ruby/1.8/webrick/httpserver.rb:104:in `service'
  /home/durrantm/.rvm/rubies/ruby-1.8.7-p302/lib/ruby/1.8/webrick/httpserver.rb:65:in `run'
  /home/durrantm/.rvm/rubies/ruby-1.8.7-p302/lib/ruby/1.8/webrick/server.rb:173:in `start_thread'
  /home/durrantm/.rvm/rubies/ruby-1.8.7-p302/lib/ruby/1.8/webrick/server.rb:162:in `start'
  /home/durrantm/.rvm/rubies/ruby-1.8.7-p302/lib/ruby/1.8/webrick/server.rb:162:in `start_thread'
  /home/durrantm/.rvm/rubies/ruby-1.8.7-p302/lib/ruby/1.8/webrick/server.rb:95:in `start'
  /home/durrantm/.rvm/rubies/ruby-1.8.7-p302/lib/ruby/1.8/webrick/server.rb:92:in `each'
  /home/durrantm/.rvm/rubies/ruby-1.8.7-p302/lib/ruby/1.8/webrick/server.rb:92:in `start'
  /home/durrantm/.rvm/rubies/ruby-1.8.7-p302/lib/ruby/1.8/webrick/server.rb:23:in `start'
  /home/durrantm/.rvm/rubies/ruby-1.8.7-p302/lib/ruby/1.8/webrick/server.rb:82:in `start'
  -e:1:in `load'
  -e:1

Rendering rescues/layout (not_found)
  [4;35;1mSQL (0.3ms)[0m   [0mSET SQL_AUTO_IS_NULL=0[0m


Processing LinksController#index (for 127.0.0.1 at 2011-04-23 20:34:52) [GET]
  Parameters: {"row_shading"=>"true"}
  [4;36;1mLink Load (0.1ms)[0m   [0;1mselect * from groups g, links l where g.id = l.group_id order by g.group_name, l.position[0m
Rendering template within layouts/application
Rendering links/index
Rendered links/_links (0.4ms)
Rendered links/_search (0.7ms)
  [4;35;1mLink Columns (0.6ms)[0m   [0mSHOW FIELDS FROM `links`[0m
  [4;36;1mGroup Columns (0.5ms)[0m   [0;1mSHOW FIELDS FROM `groups`[0m
  [4;35;1mGroup Load (0.0ms)[0m   [0mSELECT * FROM `groups` WHERE (`groups`.`id` = 5) ORDER BY group_name[0m
  [4;36;1mCACHE (0.0ms)[0m   [0;1mSELECT * FROM `groups` WHERE (`groups`.`id` = 5) ORDER BY group_name[0m
  [4;35;1mCACHE (0.0ms)[0m   [0mSELECT * FROM `groups` WHERE (`groups`.`id` = 5) ORDER BY group_name[0m
  [4;36;1mGroup Load (0.1ms)[0m   [0;1mSELECT * FROM `groups` WHERE (`groups`.`id` = 6) ORDER BY group_name[0m
  [4;35;1mGroup Load (0.1ms)[0m   [0mSELECT * FROM `groups` WHERE (`groups`.`id` = 3) ORDER BY group_name[0m
  [4;36;1mCACHE (0.0ms)[0m   [0;1mSELECT * FROM `groups` WHERE (`groups`.`id` = 3) ORDER BY group_name[0m
  [4;35;1mCACHE (0.0ms)[0m   [0mSELECT * FROM `groups` WHERE (`groups`.`id` = 3) ORDER BY group_name[0m
  [4;36;1mCACHE (0.0ms)[0m   [0;1mSELECT * FROM `groups` WHERE (`groups`.`id` = 3) ORDER BY group_name[0m
  [4;35;1mCACHE (0.0ms)[0m   [0mSELECT * FROM `groups` WHERE (`groups`.`id` = 3) ORDER BY group_name[0m
  [4;36;1mGroup Load (0.1ms)[0m   [0;1mSELECT * FROM `groups` WHERE (`groups`.`id` = 2) ORDER BY group_name[0m
  [4;35;1mCACHE (0.0ms)[0m   [0mSELECT * FROM `groups` WHERE (`groups`.`id` = 2) ORDER BY group_name[0m
  [4;36;1mCACHE (0.0ms)[0m   [0;1mSELECT * FROM `groups` WHERE (`groups`.`id` = 2) ORDER BY group_name[0m
  [4;35;1mCACHE (0.0ms)[0m   [0mSELECT * FROM `groups` WHERE (`groups`.`id` = 2) ORDER BY group_name[0m
Rendered links/_links (0.3ms)
Completed in 33ms (View: 23, DB: 2) | 200 OK [http://localhost/links?row_shading=true]
  [4;36;1mSQL (0.3ms)[0m   [0;1mSET SQL_AUTO_IS_NULL=0[0m


Processing LinksController#index (for 127.0.0.1 at 2011-04-23 20:34:54) [GET]
  Parameters: {"row_shading"=>"false"}
  [4;35;1mLink Load (0.1ms)[0m   [0mselect * from groups g, links l where g.id = l.group_id order by g.group_name, l.position[0m
Rendering template within layouts/application
Rendering links/index
Rendered links/_links (0.4ms)
Rendered links/_search (0.7ms)
  [4;36;1mLink Columns (0.5ms)[0m   [0;1mSHOW FIELDS FROM `links`[0m
  [4;35;1mGroup Columns (0.5ms)[0m   [0mSHOW FIELDS FROM `groups`[0m
  [4;36;1mGroup Load (0.0ms)[0m   [0;1mSELECT * FROM `groups` WHERE (`groups`.`id` = 5) ORDER BY group_name[0m
  [4;35;1mCACHE (0.0ms)[0m   [0mSELECT * FROM `groups` WHERE (`groups`.`id` = 5) ORDER BY group_name[0m
  [4;36;1mCACHE (0.0ms)[0m   [0;1mSELECT * FROM `groups` WHERE (`groups`.`id` = 5) ORDER BY group_name[0m
  [4;35;1mGroup Load (0.1ms)[0m   [0mSELECT * FROM `groups` WHERE (`groups`.`id` = 6) ORDER BY group_name[0m
  [4;36;1mGroup Load (0.1ms)[0m   [0;1mSELECT * FROM `groups` WHERE (`groups`.`id` = 3) ORDER BY group_name[0m
  [4;35;1mCACHE (0.0ms)[0m   [0mSELECT * FROM `groups` WHERE (`groups`.`id` = 3) ORDER BY group_name[0m
  [4;36;1mCACHE (0.0ms)[0m   [0;1mSELECT * FROM `groups` WHERE (`groups`.`id` = 3) ORDER BY group_name[0m
  [4;35;1mCACHE (0.0ms)[0m   [0mSELECT * FROM `groups` WHERE (`groups`.`id` = 3) ORDER BY group_name[0m
  [4;36;1mCACHE (0.0ms)[0m   [0;1mSELECT * FROM `groups` WHERE (`groups`.`id` = 3) ORDER BY group_name[0m
  [4;35;1mGroup Load (0.1ms)[0m   [0mSELECT * FROM `groups` WHERE (`groups`.`id` = 2) ORDER BY group_name[0m
  [4;36;1mCACHE (0.0ms)[0m   [0;1mSELECT * FROM `groups` WHERE (`groups`.`id` = 2) ORDER BY group_name[0m
  [4;35;1mCACHE (0.0ms)[0m   [0mSELECT * FROM `groups` WHERE (`groups`.`id` = 2) ORDER BY group_name[0m
  [4;36;1mCACHE (0.0ms)[0m   [0;1mSELECT * FROM `groups` WHERE (`groups`.`id` = 2) ORDER BY group_name[0m
Rendered links/_links (0.4ms)
Completed in 32ms (View: 26, DB: 2) | 200 OK [http://localhost/links?row_shading=false]
  [4;35;1mSQL (0.3ms)[0m   [0mSET SQL_AUTO_IS_NULL=0[0m


Processing LinksController#index (for 127.0.0.1 at 2011-04-23 20:34:56) [GET]
  Parameters: {"full_details"=>"true"}
  [4;36;1mLink Load (0.1ms)[0m   [0;1mselect * from groups g, links l where g.id = l.group_id order by g.group_name, l.position[0m
Rendering template within layouts/application
Rendering links/index
Rendered links/_links (0.4ms)
Rendered links/_search (0.5ms)
  [4;35;1mLink Columns (0.6ms)[0m   [0mSHOW FIELDS FROM `links`[0m
  [4;36;1mGroup Columns (0.5ms)[0m   [0;1mSHOW FIELDS FROM `groups`[0m
  [4;35;1mGroup Load (0.0ms)[0m   [0mSELECT * FROM `groups` WHERE (`groups`.`id` = 5) ORDER BY group_name[0m
  [4;36;1mCACHE (0.0ms)[0m   [0;1mSELECT * FROM `groups` WHERE (`groups`.`id` = 5) ORDER BY group_name[0m
  [4;35;1mCACHE (0.0ms)[0m   [0mSELECT * FROM `groups` WHERE (`groups`.`id` = 5) ORDER BY group_name[0m
  [4;36;1mGroup Load (0.1ms)[0m   [0;1mSELECT * FROM `groups` WHERE (`groups`.`id` = 6) ORDER BY group_name[0m
  [4;35;1mGroup Load (0.1ms)[0m   [0mSELECT * FROM `groups` WHERE (`groups`.`id` = 3) ORDER BY group_name[0m
  [4;36;1mCACHE (0.0ms)[0m   [0;1mSELECT * FROM `groups` WHERE (`groups`.`id` = 3) ORDER BY group_name[0m
  [4;35;1mCACHE (0.0ms)[0m   [0mSELECT * FROM `groups` WHERE (`groups`.`id` = 3) ORDER BY group_name[0m
  [4;36;1mCACHE (0.0ms)[0m   [0;1mSELECT * FROM `groups` WHERE (`groups`.`id` = 3) ORDER BY group_name[0m
  [4;35;1mCACHE (0.0ms)[0m   [0mSELECT * FROM `groups` WHERE (`groups`.`id` = 3) ORDER BY group_name[0m
  [4;36;1mGroup Load (0.1ms)[0m   [0;1mSELECT * FROM `groups` WHERE (`groups`.`id` = 2) ORDER BY group_name[0m
  [4;35;1mCACHE (0.0ms)[0m   [0mSELECT * FROM `groups` WHERE (`groups`.`id` = 2) ORDER BY group_name[0m
  [4;36;1mCACHE (0.0ms)[0m   [0;1mSELECT * FROM `groups` WHERE (`groups`.`id` = 2) ORDER BY group_name[0m
  [4;35;1mCACHE (0.0ms)[0m   [0mSELECT * FROM `groups` WHERE (`groups`.`id` = 2) ORDER BY group_name[0m
Rendered links/_links (0.3ms)
Completed in 90ms (View: 72, DB: 2) | 200 OK [http://localhost/links?full_details=true]
  [4;36;1mSQL (0.2ms)[0m   [0;1mSET SQL_AUTO_IS_NULL=0[0m


Processing LinksController#index (for 127.0.0.1 at 2011-04-23 20:34:57) [GET]
  Parameters: {"full_details"=>"false"}
  [4;35;1mLink Load (0.1ms)[0m   [0mselect * from groups g, links l where g.id = l.group_id order by g.group_name, l.position[0m
Rendering template within layouts/application
Rendering links/index
Rendered links/_links (0.4ms)
Rendered links/_search (0.8ms)
  [4;36;1mLink Columns (0.6ms)[0m   [0;1mSHOW FIELDS FROM `links`[0m
  [4;35;1mGroup Columns (0.5ms)[0m   [0mSHOW FIELDS FROM `groups`[0m
  [4;36;1mGroup Load (0.1ms)[0m   [0;1mSELECT * FROM `groups` WHERE (`groups`.`id` = 5) ORDER BY group_name[0m
  [4;35;1mCACHE (0.0ms)[0m   [0mSELECT * FROM `groups` WHERE (`groups`.`id` = 5) ORDER BY group_name[0m
  [4;36;1mCACHE (0.0ms)[0m   [0;1mSELECT * FROM `groups` WHERE (`groups`.`id` = 5) ORDER BY group_name[0m
  [4;35;1mGroup Load (0.1ms)[0m   [0mSELECT * FROM `groups` WHERE (`groups`.`id` = 6) ORDER BY group_name[0m
  [4;36;1mGroup Load (0.1ms)[0m   [0;1mSELECT * FROM `groups` WHERE (`groups`.`id` = 3) ORDER BY group_name[0m
  [4;35;1mCACHE (0.0ms)[0m   [0mSELECT * FROM `groups` WHERE (`groups`.`id` = 3) ORDER BY group_name[0m
  [4;36;1mCACHE (0.0ms)[0m   [0;1mSELECT * FROM `groups` WHERE (`groups`.`id` = 3) ORDER BY group_name[0m
  [4;35;1mCACHE (0.0ms)[0m   [0mSELECT * FROM `groups` WHERE (`groups`.`id` = 3) ORDER BY group_name[0m
  [4;36;1mCACHE (0.0ms)[0m   [0;1mSELECT * FROM `groups` WHERE (`groups`.`id` = 3) ORDER BY group_name[0m
  [4;35;1mGroup Load (0.1ms)[0m   [0mSELECT * FROM `groups` WHERE (`groups`.`id` = 2) ORDER BY group_name[0m
  [4;36;1mCACHE (0.0ms)[0m   [0;1mSELECT * FROM `groups` WHERE (`groups`.`id` = 2) ORDER BY group_name[0m
  [4;35;1mCACHE (0.0ms)[0m   [0mSELECT * FROM `groups` WHERE (`groups`.`id` = 2) ORDER BY group_name[0m
  [4;36;1mCACHE (0.0ms)[0m   [0;1mSELECT * FROM `groups` WHERE (`groups`.`id` = 2) ORDER BY group_name[0m
Rendered links/_links (0.4ms)
Completed in 36ms (View: 29, DB: 2) | 200 OK [http://localhost/links?full_details=false]
  [4;35;1mSQL (0.3ms)[0m   [0mSET SQL_AUTO_IS_NULL=0[0m


Processing LinksController#index (for 127.0.0.1 at 2011-04-23 20:35:17) [GET]
  Parameters: {"full_details"=>"false"}
  [4;36;1mLink Load (0.1ms)[0m   [0;1mselect * from groups g, links l where g.id = l.group_id order by g.group_name, l.position[0m
Rendering template within layouts/application
Rendering links/index
Rendered links/_links (0.4ms)
Rendered links/_search (0.6ms)
  [4;35;1mLink Columns (0.6ms)[0m   [0mSHOW FIELDS FROM `links`[0m
  [4;36;1mGroup Columns (0.5ms)[0m   [0;1mSHOW FIELDS FROM `groups`[0m
  [4;35;1mGroup Load (0.1ms)[0m   [0mSELECT * FROM `groups` WHERE (`groups`.`id` = 5) ORDER BY group_name[0m
  [4;36;1mCACHE (0.0ms)[0m   [0;1mSELECT * FROM `groups` WHERE (`groups`.`id` = 5) ORDER BY group_name[0m
  [4;35;1mCACHE (0.0ms)[0m   [0mSELECT * FROM `groups` WHERE (`groups`.`id` = 5) ORDER BY group_name[0m
  [4;36;1mGroup Load (0.1ms)[0m   [0;1mSELECT * FROM `groups` WHERE (`groups`.`id` = 6) ORDER BY group_name[0m
  [4;35;1mGroup Load (0.1ms)[0m   [0mSELECT * FROM `groups` WHERE (`groups`.`id` = 3) ORDER BY group_name[0m
  [4;36;1mCACHE (0.0ms)[0m   [0;1mSELECT * FROM `groups` WHERE (`groups`.`id` = 3) ORDER BY group_name[0m
  [4;35;1mCACHE (0.0ms)[0m   [0mSELECT * FROM `groups` WHERE (`groups`.`id` = 3) ORDER BY group_name[0m
  [4;36;1mCACHE (0.0ms)[0m   [0;1mSELECT * FROM `groups` WHERE (`groups`.`id` = 3) ORDER BY group_name[0m
  [4;35;1mCACHE (0.0ms)[0m   [0mSELECT * FROM `groups` WHERE (`groups`.`id` = 3) ORDER BY group_name[0m
  [4;36;1mGroup Load (0.2ms)[0m   [0;1mSELECT * FROM `groups` WHERE (`groups`.`id` = 2) ORDER BY group_name[0m
  [4;35;1mCACHE (0.0ms)[0m   [0mSELECT * FROM `groups` WHERE (`groups`.`id` = 2) ORDER BY group_name[0m
  [4;36;1mCACHE (0.0ms)[0m   [0;1mSELECT * FROM `groups` WHERE (`groups`.`id` = 2) ORDER BY group_name[0m
  [4;35;1mCACHE (0.0ms)[0m   [0mSELECT * FROM `groups` WHERE (`groups`.`id` = 2) ORDER BY group_name[0m
Rendered links/_links (0.3ms)
Completed in 29ms (View: 22, DB: 2) | 200 OK [http://localhost/links?full_details=false]
  [4;36;1mSQL (0.1ms)[0m   [0;1mSET SQL_AUTO_IS_NULL=0[0m


Processing ApplicationController#index (for 127.0.0.1 at 2011-04-23 20:35:17) [GET]

ActionController::RoutingError (No route matches "/linker/images/link.ico" with {:method=>:get}):
  /home/durrantm/.rvm/rubies/ruby-1.8.7-p302/lib/ruby/1.8/webrick/httpserver.rb:104:in `service'
  /home/durrantm/.rvm/rubies/ruby-1.8.7-p302/lib/ruby/1.8/webrick/httpserver.rb:65:in `run'
  /home/durrantm/.rvm/rubies/ruby-1.8.7-p302/lib/ruby/1.8/webrick/server.rb:173:in `start_thread'
  /home/durrantm/.rvm/rubies/ruby-1.8.7-p302/lib/ruby/1.8/webrick/server.rb:162:in `start'
  /home/durrantm/.rvm/rubies/ruby-1.8.7-p302/lib/ruby/1.8/webrick/server.rb:162:in `start_thread'
  /home/durrantm/.rvm/rubies/ruby-1.8.7-p302/lib/ruby/1.8/webrick/server.rb:95:in `start'
  /home/durrantm/.rvm/rubies/ruby-1.8.7-p302/lib/ruby/1.8/webrick/server.rb:92:in `each'
  /home/durrantm/.rvm/rubies/ruby-1.8.7-p302/lib/ruby/1.8/webrick/server.rb:92:in `start'
  /home/durrantm/.rvm/rubies/ruby-1.8.7-p302/lib/ruby/1.8/webrick/server.rb:23:in `start'
  /home/durrantm/.rvm/rubies/ruby-1.8.7-p302/lib/ruby/1.8/webrick/server.rb:82:in `start'
  -e:1:in `load'
  -e:1

Rendering rescues/layout (not_found)
  [4;35;1mSQL (0.1ms)[0m   [0mSET SQL_AUTO_IS_NULL=0[0m


Processing LinksController#index (for 127.0.0.1 at 2011-04-23 20:35:19) [GET]
  Parameters: {"full_details"=>"true"}
  [4;36;1mLink Load (0.1ms)[0m   [0;1mselect * from groups g, links l where g.id = l.group_id order by g.group_name, l.position[0m
Rendering template within layouts/application
Rendering links/index
Rendered links/_links (0.4ms)
Rendered links/_search (0.8ms)
  [4;35;1mLink Columns (0.6ms)[0m   [0mSHOW FIELDS FROM `links`[0m
  [4;36;1mGroup Columns (0.5ms)[0m   [0;1mSHOW FIELDS FROM `groups`[0m
  [4;35;1mGroup Load (0.1ms)[0m   [0mSELECT * FROM `groups` WHERE (`groups`.`id` = 5) ORDER BY group_name[0m
  [4;36;1mCACHE (0.0ms)[0m   [0;1mSELECT * FROM `groups` WHERE (`groups`.`id` = 5) ORDER BY group_name[0m
  [4;35;1mCACHE (0.0ms)[0m   [0mSELECT * FROM `groups` WHERE (`groups`.`id` = 5) ORDER BY group_name[0m
  [4;36;1mGroup Load (0.1ms)[0m   [0;1mSELECT * FROM `groups` WHERE (`groups`.`id` = 6) ORDER BY group_name[0m
  [4;35;1mGroup Load (0.1ms)[0m   [0mSELECT * FROM `groups` WHERE (`groups`.`id` = 3) ORDER BY group_name[0m
  [4;36;1mCACHE (0.0ms)[0m   [0;1mSELECT * FROM `groups` WHERE (`groups`.`id` = 3) ORDER BY group_name[0m
  [4;35;1mCACHE (0.0ms)[0m   [0mSELECT * FROM `groups` WHERE (`groups`.`id` = 3) ORDER BY group_name[0m
  [4;36;1mCACHE (0.0ms)[0m   [0;1mSELECT * FROM `groups` WHERE (`groups`.`id` = 3) ORDER BY group_name[0m
  [4;35;1mCACHE (0.0ms)[0m   [0mSELECT * FROM `groups` WHERE (`groups`.`id` = 3) ORDER BY group_name[0m
  [4;36;1mGroup Load (0.1ms)[0m   [0;1mSELECT * FROM `groups` WHERE (`groups`.`id` = 2) ORDER BY group_name[0m
  [4;35;1mCACHE (0.0ms)[0m   [0mSELECT * FROM `groups` WHERE (`groups`.`id` = 2) ORDER BY group_name[0m
  [4;36;1mCACHE (0.0ms)[0m   [0;1mSELECT * FROM `groups` WHERE (`groups`.`id` = 2) ORDER BY group_name[0m
  [4;35;1mCACHE (0.0ms)[0m   [0mSELECT * FROM `groups` WHERE (`groups`.`id` = 2) ORDER BY group_name[0m
Rendered links/_links (0.3ms)
Completed in 31ms (View: 25, DB: 2) | 200 OK [http://localhost/links?full_details=true]
  [4;36;1mSQL (0.1ms)[0m   [0;1mSET SQL_AUTO_IS_NULL=0[0m


Processing ApplicationController#index (for 127.0.0.1 at 2011-04-23 20:35:19) [GET]

ActionController::RoutingError (No route matches "/linker/images/link.ico" with {:method=>:get}):
  /home/durrantm/.rvm/rubies/ruby-1.8.7-p302/lib/ruby/1.8/webrick/httpserver.rb:104:in `service'
  /home/durrantm/.rvm/rubies/ruby-1.8.7-p302/lib/ruby/1.8/webrick/httpserver.rb:65:in `run'
  /home/durrantm/.rvm/rubies/ruby-1.8.7-p302/lib/ruby/1.8/webrick/server.rb:173:in `start_thread'
  /home/durrantm/.rvm/rubies/ruby-1.8.7-p302/lib/ruby/1.8/webrick/server.rb:162:in `start'
  /home/durrantm/.rvm/rubies/ruby-1.8.7-p302/lib/ruby/1.8/webrick/server.rb:162:in `start_thread'
  /home/durrantm/.rvm/rubies/ruby-1.8.7-p302/lib/ruby/1.8/webrick/server.rb:95:in `start'
  /home/durrantm/.rvm/rubies/ruby-1.8.7-p302/lib/ruby/1.8/webrick/server.rb:92:in `each'
  /home/durrantm/.rvm/rubies/ruby-1.8.7-p302/lib/ruby/1.8/webrick/server.rb:92:in `start'
  /home/durrantm/.rvm/rubies/ruby-1.8.7-p302/lib/ruby/1.8/webrick/server.rb:23:in `start'
  /home/durrantm/.rvm/rubies/ruby-1.8.7-p302/lib/ruby/1.8/webrick/server.rb:82:in `start'
  -e:1:in `load'
  -e:1

Rendering rescues/layout (not_found)
  [4;35;1mSQL (0.2ms)[0m   [0mSET SQL_AUTO_IS_NULL=0[0m


Processing LinksController#index (for 127.0.0.1 at 2011-04-23 20:35:21) [GET]
  Parameters: {"full_details"=>"false"}
  [4;36;1mLink Load (0.1ms)[0m   [0;1mselect * from groups g, links l where g.id = l.group_id order by g.group_name, l.position[0m
Rendering template within layouts/application
Rendering links/index
Rendered links/_links (0.4ms)
Rendered links/_search (0.6ms)
  [4;35;1mLink Columns (0.6ms)[0m   [0mSHOW FIELDS FROM `links`[0m
  [4;36;1mGroup Columns (0.5ms)[0m   [0;1mSHOW FIELDS FROM `groups`[0m
  [4;35;1mGroup Load (0.0ms)[0m   [0mSELECT * FROM `groups` WHERE (`groups`.`id` = 5) ORDER BY group_name[0m
  [4;36;1mCACHE (0.0ms)[0m   [0;1mSELECT * FROM `groups` WHERE (`groups`.`id` = 5) ORDER BY group_name[0m
  [4;35;1mCACHE (0.0ms)[0m   [0mSELECT * FROM `groups` WHERE (`groups`.`id` = 5) ORDER BY group_name[0m
  [4;36;1mGroup Load (0.1ms)[0m   [0;1mSELECT * FROM `groups` WHERE (`groups`.`id` = 6) ORDER BY group_name[0m
  [4;35;1mGroup Load (0.1ms)[0m   [0mSELECT * FROM `groups` WHERE (`groups`.`id` = 3) ORDER BY group_name[0m
  [4;36;1mCACHE (0.0ms)[0m   [0;1mSELECT * FROM `groups` WHERE (`groups`.`id` = 3) ORDER BY group_name[0m
  [4;35;1mCACHE (0.0ms)[0m   [0mSELECT * FROM `groups` WHERE (`groups`.`id` = 3) ORDER BY group_name[0m
  [4;36;1mCACHE (0.0ms)[0m   [0;1mSELECT * FROM `groups` WHERE (`groups`.`id` = 3) ORDER BY group_name[0m
  [4;35;1mCACHE (0.0ms)[0m   [0mSELECT * FROM `groups` WHERE (`groups`.`id` = 3) ORDER BY group_name[0m
  [4;36;1mGroup Load (0.1ms)[0m   [0;1mSELECT * FROM `groups` WHERE (`groups`.`id` = 2) ORDER BY group_name[0m
  [4;35;1mCACHE (0.0ms)[0m   [0mSELECT * FROM `groups` WHERE (`groups`.`id` = 2) ORDER BY group_name[0m
  [4;36;1mCACHE (0.0ms)[0m   [0;1mSELECT * FROM `groups` WHERE (`groups`.`id` = 2) ORDER BY group_name[0m
  [4;35;1mCACHE (0.0ms)[0m   [0mSELECT * FROM `groups` WHERE (`groups`.`id` = 2) ORDER BY group_name[0m
Rendered links/_links (0.3ms)
Completed in 27ms (View: 22, DB: 2) | 200 OK [http://localhost/links?full_details=false]
  [4;36;1mSQL (0.1ms)[0m   [0;1mSET SQL_AUTO_IS_NULL=0[0m


Processing ApplicationController#index (for 127.0.0.1 at 2011-04-23 20:35:21) [GET]

ActionController::RoutingError (No route matches "/linker/images/link.ico" with {:method=>:get}):
  /home/durrantm/.rvm/rubies/ruby-1.8.7-p302/lib/ruby/1.8/webrick/httpserver.rb:104:in `service'
  /home/durrantm/.rvm/rubies/ruby-1.8.7-p302/lib/ruby/1.8/webrick/httpserver.rb:65:in `run'
  /home/durrantm/.rvm/rubies/ruby-1.8.7-p302/lib/ruby/1.8/webrick/server.rb:173:in `start_thread'
  /home/durrantm/.rvm/rubies/ruby-1.8.7-p302/lib/ruby/1.8/webrick/server.rb:162:in `start'
  /home/durrantm/.rvm/rubies/ruby-1.8.7-p302/lib/ruby/1.8/webrick/server.rb:162:in `start_thread'
  /home/durrantm/.rvm/rubies/ruby-1.8.7-p302/lib/ruby/1.8/webrick/server.rb:95:in `start'
  /home/durrantm/.rvm/rubies/ruby-1.8.7-p302/lib/ruby/1.8/webrick/server.rb:92:in `each'
  /home/durrantm/.rvm/rubies/ruby-1.8.7-p302/lib/ruby/1.8/webrick/server.rb:92:in `start'
  /home/durrantm/.rvm/rubies/ruby-1.8.7-p302/lib/ruby/1.8/webrick/server.rb:23:in `start'
  /home/durrantm/.rvm/rubies/ruby-1.8.7-p302/lib/ruby/1.8/webrick/server.rb:82:in `start'
  -e:1:in `load'
  -e:1

Rendering rescues/layout (not_found)
  [4;35;1mSQL (0.1ms)[0m   [0mSET SQL_AUTO_IS_NULL=0[0m


Processing LinksController#index (for 127.0.0.1 at 2011-04-23 20:35:21) [GET]
  Parameters: {"row_shading"=>"true"}
  [4;36;1mLink Load (0.1ms)[0m   [0;1mselect * from groups g, links l where g.id = l.group_id order by g.group_name, l.position[0m
Rendering template within layouts/application
Rendering links/index
Rendered links/_links (0.5ms)
Rendered links/_search (0.6ms)
  [4;35;1mLink Columns (0.6ms)[0m   [0mSHOW FIELDS FROM `links`[0m
  [4;36;1mGroup Columns (0.5ms)[0m   [0;1mSHOW FIELDS FROM `groups`[0m
  [4;35;1mGroup Load (0.1ms)[0m   [0mSELECT * FROM `groups` WHERE (`groups`.`id` = 5) ORDER BY group_name[0m
  [4;36;1mCACHE (0.0ms)[0m   [0;1mSELECT * FROM `groups` WHERE (`groups`.`id` = 5) ORDER BY group_name[0m
  [4;35;1mCACHE (0.0ms)[0m   [0mSELECT * FROM `groups` WHERE (`groups`.`id` = 5) ORDER BY group_name[0m
  [4;36;1mGroup Load (0.1ms)[0m   [0;1mSELECT * FROM `groups` WHERE (`groups`.`id` = 6) ORDER BY group_name[0m
  [4;35;1mGroup Load (0.1ms)[0m   [0mSELECT * FROM `groups` WHERE (`groups`.`id` = 3) ORDER BY group_name[0m
  [4;36;1mCACHE (0.0ms)[0m   [0;1mSELECT * FROM `groups` WHERE (`groups`.`id` = 3) ORDER BY group_name[0m
  [4;35;1mCACHE (0.0ms)[0m   [0mSELECT * FROM `groups` WHERE (`groups`.`id` = 3) ORDER BY group_name[0m
  [4;36;1mCACHE (0.0ms)[0m   [0;1mSELECT * FROM `groups` WHERE (`groups`.`id` = 3) ORDER BY group_name[0m
  [4;35;1mCACHE (0.0ms)[0m   [0mSELECT * FROM `groups` WHERE (`groups`.`id` = 3) ORDER BY group_name[0m
  [4;36;1mGroup Load (0.1ms)[0m   [0;1mSELECT * FROM `groups` WHERE (`groups`.`id` = 2) ORDER BY group_name[0m
  [4;35;1mCACHE (0.0ms)[0m   [0mSELECT * FROM `groups` WHERE (`groups`.`id` = 2) ORDER BY group_name[0m
  [4;36;1mCACHE (0.0ms)[0m   [0;1mSELECT * FROM `groups` WHERE (`groups`.`id` = 2) ORDER BY group_name[0m
  [4;35;1mCACHE (0.0ms)[0m   [0mSELECT * FROM `groups` WHERE (`groups`.`id` = 2) ORDER BY group_name[0m
Rendered links/_links (0.4ms)
Completed in 112ms (View: 106, DB: 2) | 200 OK [http://localhost/links?row_shading=true]
  [4;36;1mSQL (0.1ms)[0m   [0;1mSET SQL_AUTO_IS_NULL=0[0m


Processing ApplicationController#index (for 127.0.0.1 at 2011-04-23 20:35:22) [GET]

ActionController::RoutingError (No route matches "/linker/images/link.ico" with {:method=>:get}):
  /home/durrantm/.rvm/rubies/ruby-1.8.7-p302/lib/ruby/1.8/webrick/httpserver.rb:104:in `service'
  /home/durrantm/.rvm/rubies/ruby-1.8.7-p302/lib/ruby/1.8/webrick/httpserver.rb:65:in `run'
  /home/durrantm/.rvm/rubies/ruby-1.8.7-p302/lib/ruby/1.8/webrick/server.rb:173:in `start_thread'
  /home/durrantm/.rvm/rubies/ruby-1.8.7-p302/lib/ruby/1.8/webrick/server.rb:162:in `start'
  /home/durrantm/.rvm/rubies/ruby-1.8.7-p302/lib/ruby/1.8/webrick/server.rb:162:in `start_thread'
  /home/durrantm/.rvm/rubies/ruby-1.8.7-p302/lib/ruby/1.8/webrick/server.rb:95:in `start'
  /home/durrantm/.rvm/rubies/ruby-1.8.7-p302/lib/ruby/1.8/webrick/server.rb:92:in `each'
  /home/durrantm/.rvm/rubies/ruby-1.8.7-p302/lib/ruby/1.8/webrick/server.rb:92:in `start'
  /home/durrantm/.rvm/rubies/ruby-1.8.7-p302/lib/ruby/1.8/webrick/server.rb:23:in `start'
  /home/durrantm/.rvm/rubies/ruby-1.8.7-p302/lib/ruby/1.8/webrick/server.rb:82:in `start'
  -e:1:in `load'
  -e:1

Rendering rescues/layout (not_found)
  [4;35;1mSQL (0.1ms)[0m   [0mSET SQL_AUTO_IS_NULL=0[0m


Processing LinksController#index (for 127.0.0.1 at 2011-04-23 20:35:22) [GET]
  Parameters: {"row_shading"=>"false"}
  [4;36;1mLink Load (0.1ms)[0m   [0;1mselect * from groups g, links l where g.id = l.group_id order by g.group_name, l.position[0m
Rendering template within layouts/application
Rendering links/index
Rendered links/_links (0.4ms)
Rendered links/_search (1.9ms)
  [4;35;1mLink Columns (0.6ms)[0m   [0mSHOW FIELDS FROM `links`[0m
  [4;36;1mGroup Columns (0.5ms)[0m   [0;1mSHOW FIELDS FROM `groups`[0m
  [4;35;1mGroup Load (0.0ms)[0m   [0mSELECT * FROM `groups` WHERE (`groups`.`id` = 5) ORDER BY group_name[0m
  [4;36;1mCACHE (0.0ms)[0m   [0;1mSELECT * FROM `groups` WHERE (`groups`.`id` = 5) ORDER BY group_name[0m
  [4;35;1mCACHE (0.0ms)[0m   [0mSELECT * FROM `groups` WHERE (`groups`.`id` = 5) ORDER BY group_name[0m
  [4;36;1mGroup Load (0.1ms)[0m   [0;1mSELECT * FROM `groups` WHERE (`groups`.`id` = 6) ORDER BY group_name[0m
  [4;35;1mGroup Load (0.1ms)[0m   [0mSELECT * FROM `groups` WHERE (`groups`.`id` = 3) ORDER BY group_name[0m
  [4;36;1mCACHE (0.0ms)[0m   [0;1mSELECT * FROM `groups` WHERE (`groups`.`id` = 3) ORDER BY group_name[0m
  [4;35;1mCACHE (0.0ms)[0m   [0mSELECT * FROM `groups` WHERE (`groups`.`id` = 3) ORDER BY group_name[0m
  [4;36;1mCACHE (0.0ms)[0m   [0;1mSELECT * FROM `groups` WHERE (`groups`.`id` = 3) ORDER BY group_name[0m
  [4;35;1mCACHE (0.0ms)[0m   [0mSELECT * FROM `groups` WHERE (`groups`.`id` = 3) ORDER BY group_name[0m
  [4;36;1mGroup Load (0.1ms)[0m   [0;1mSELECT * FROM `groups` WHERE (`groups`.`id` = 2) ORDER BY group_name[0m
  [4;35;1mCACHE (0.0ms)[0m   [0mSELECT * FROM `groups` WHERE (`groups`.`id` = 2) ORDER BY group_name[0m
  [4;36;1mCACHE (0.0ms)[0m   [0;1mSELECT * FROM `groups` WHERE (`groups`.`id` = 2) ORDER BY group_name[0m
  [4;35;1mCACHE (0.0ms)[0m   [0mSELECT * FROM `groups` WHERE (`groups`.`id` = 2) ORDER BY group_name[0m
Rendered links/_links (0.3ms)
Completed in 43ms (View: 34, DB: 2) | 200 OK [http://localhost/links?row_shading=false]
  [4;36;1mSQL (0.1ms)[0m   [0;1mSET SQL_AUTO_IS_NULL=0[0m


Processing ApplicationController#index (for 127.0.0.1 at 2011-04-23 20:35:23) [GET]

ActionController::RoutingError (No route matches "/linker/images/link.ico" with {:method=>:get}):
  /home/durrantm/.rvm/rubies/ruby-1.8.7-p302/lib/ruby/1.8/webrick/httpserver.rb:104:in `service'
  /home/durrantm/.rvm/rubies/ruby-1.8.7-p302/lib/ruby/1.8/webrick/httpserver.rb:65:in `run'
  /home/durrantm/.rvm/rubies/ruby-1.8.7-p302/lib/ruby/1.8/webrick/server.rb:173:in `start_thread'
  /home/durrantm/.rvm/rubies/ruby-1.8.7-p302/lib/ruby/1.8/webrick/server.rb:162:in `start'
  /home/durrantm/.rvm/rubies/ruby-1.8.7-p302/lib/ruby/1.8/webrick/server.rb:162:in `start_thread'
  /home/durrantm/.rvm/rubies/ruby-1.8.7-p302/lib/ruby/1.8/webrick/server.rb:95:in `start'
  /home/durrantm/.rvm/rubies/ruby-1.8.7-p302/lib/ruby/1.8/webrick/server.rb:92:in `each'
  /home/durrantm/.rvm/rubies/ruby-1.8.7-p302/lib/ruby/1.8/webrick/server.rb:92:in `start'
  /home/durrantm/.rvm/rubies/ruby-1.8.7-p302/lib/ruby/1.8/webrick/server.rb:23:in `start'
  /home/durrantm/.rvm/rubies/ruby-1.8.7-p302/lib/ruby/1.8/webrick/server.rb:82:in `start'
  -e:1:in `load'
  -e:1

Rendering rescues/layout (not_found)
